<?xml version="1.0" encoding="UTF-8"?>
<!-- Generated by org.testng.reporters.JUnitReportReporter -->
<testsuite skipped="0" hostname="Naren" name="com.base.TestBaseSetup" tests="1" failures="0" timestamp="13 Aug 2017 22:27:37 GMT" time="127.288" errors="0">
  <testcase name="launchBrowser" time="127.288" classname="com.base.TestBaseSetup"/>
</testsuite> <!-- com.base.TestBaseSetup -->
